[2026-03-03 00:59:15] production.INFO: PDF locked (no preview, no S3 read): development-of-a-geographical-information-system-for-tracking-the-immunization-of-pediatrics-across-nigeria  
[2026-03-03 00:59:27] production.INFO: PDF locked (no preview, no S3 read): open-world-multilevel-game-for-teenagers-and-adults  
[2026-03-03 00:59:55] production.INFO: PDF locked (no preview, no S3 read): synthesis-of-a-hysteresis-motor  
[2026-03-03 01:00:19] production.INFO: PDF locked (no preview, no S3 read): nigerian-oil-gas-tax-issues-the-perspectives-of-marginal-oil-fields-operators  
[2026-03-03 01:00:27] production.INFO: PDF locked (no preview, no S3 read): recruitment-and-selection-problems-in-edo-state-civil-service  
[2026-03-03 01:00:39] production.INFO: PDF locked (no preview, no S3 read): design-and-implementation-of-a-web-base-office-management-system-2  
[2026-03-03 01:00:51] production.INFO: PDF locked (no preview, no S3 read): availability-and-utilization-of-library-facilities-by-students-with-visual-impairment-in  
[2026-03-03 01:01:03] production.INFO: PDF locked (no preview, no S3 read): design-and-implementation-of-a-computerised-information-system-for-a-multi-service-rental-co  
[2026-03-03 01:01:07] production.INFO: PDF locked (no preview, no S3 read): critical-analysis-of-the-performance-of-the-national-economic-empowerment-and-development-strategy  
[2026-03-03 01:01:19] production.INFO: PDF locked (no preview, no S3 read): studies-of-industrial-wastewater-effluent-treatment-in-waste-stabilization-pond  
[2026-03-03 01:01:47] production.INFO: PDF locked (no preview, no S3 read): technological-change-and-its-effect-on-traditional-religious-beliefs-the-tiv-experience  
[2026-03-03 01:01:59] production.INFO: PDF locked (no preview, no S3 read): effective-information-management-tools-in-organization-a-study-of-zenith-bank-ltd  
[2026-03-03 01:58:47] production.INFO: PDF locked (no preview, no S3 read): determination-of-the-gravity-distribution-in-the-west-african-lithosphere-using-modified-geopotential-gravity-model  
[2026-03-03 01:59:35] production.INFO: PDF locked (no preview, no S3 read): correlation-between-symptom-score-for-allergic-rhinitis-sfar-and-nasal-smear-eosinophil-count  
[2026-03-03 02:00:23] production.INFO: PDF locked (no preview, no S3 read): application-of-information-communication-technology-in-tertiary-institutions-and-academic-libraries-funding-policy-and-acquisition-of-electronic-information-resources-and-services  
[2026-03-03 03:11:03] production.INFO: PDF locked (no preview, no S3 read): an-appraisal-of-the-implementation-of-universal-basic-education-ube-programme-in-kogi-state  
[2026-03-03 03:11:07] production.INFO: PDF locked (no preview, no S3 read): a-web-based-intrusion-detection-and-prevention-system-using-neural-networks  
[2026-03-03 03:11:11] production.INFO: PDF locked (no preview, no S3 read): the-role-of-migrant-communities-in-the-development-of-kankia  
[2026-03-03 03:12:47] production.INFO: PDF locked (no preview, no S3 read): comparative-study-of-the-leadership-style-of-expatriate-and-indigenous-managers  
[2026-03-03 03:12:59] production.INFO: PDF locked (no preview, no S3 read): analysis-of-cocoyam-xanthosoma-sagittifolium-and-colocasia-esculenta-marketing-in-rivers-state  
[2026-03-03 03:35:59] production.INFO: User logged in successfully (2022 style) {"user_id":1,"email":"emrig4@gmail.com"} 
[2026-03-03 03:36:37] production.INFO: Wallet deduction email sent successfully to: emrig4@gmail.com  
[2026-03-03 03:36:37] production.ERROR: WalletTrait: User not found or not authenticated for credit  
[2026-03-03 03:36:37] production.ERROR: WalletTrait: User not found or not authenticated for credit  
[2026-03-03 03:36:37] production.WARNING: EmailNotificationService: Missing required data for read operation email  
[2026-03-03 03:36:37] production.INFO: Full PDF served: acc419-noun-pop-2022-2-past-questions-pdf-download  
[2026-03-03 03:37:20] production.INFO: Full PDF served: acc419-noun-pop-2022-2-past-questions-pdf-download  
[2026-03-03 03:38:36] production.INFO: Wallet deduction email sent successfully to: emrig4@gmail.com  
[2026-03-03 03:38:36] production.ERROR: WalletTrait: User not found or not authenticated for credit  
[2026-03-03 03:38:36] production.ERROR: WalletTrait: User not found or not authenticated for credit  
[2026-03-03 03:38:36] production.WARNING: EmailNotificationService: Missing required data for read operation email  
[2026-03-03 03:38:36] production.INFO: Full PDF served: the-role-of-social-media-in-communication-management-of-local-governments-a-study-of-ahiazu-mbaise  
[2026-03-03 03:54:04] production.INFO: PDF locked (no preview, no S3 read): cell-surface-interaction-on-a-multi-scale  
[2026-03-03 03:54:12] production.INFO: PDF locked (no preview, no S3 read): a-lexico-semantic-analysis-of-racism-in-richard-wright-s-native-son  
[2026-03-03 03:54:56] production.INFO: PDF locked (no preview, no S3 read): development-and-validation-of-economics-achievement-test-for-senior-secondary-school-students  
[2026-03-03 03:55:08] production.INFO: PDF locked (no preview, no S3 read): bitumen-stabilization-of-laterite-pretreated-with-heat-as-a-flexible-pavement-material  
[2026-03-03 03:55:29] production.INFO: PDF locked (no preview, no S3 read): note-taking-errors-and-their-effects-in-the-learning-of-english-language-among-secondary-school-students-in-gusau  
[2026-03-03 03:56:13] production.INFO: PDF locked (no preview, no S3 read): clinical-and-echocardiographic-characteristics-of-patients-with-heart-failure-and-preserved-ejection-fraction  
[2026-03-03 03:56:56] production.INFO: PDF locked (no preview, no S3 read): an-examination-of-integrated-personnel-and-payroll-information-system-in-the-nigerian-civil-service  
[2026-03-03 03:56:59] production.INFO: PDF locked (no preview, no S3 read): taxation-as-a-source-of-revenue-to-the-government-a-case-study-of-delta-state-board-of-internal-revenue  
[2026-03-03 03:57:39] production.INFO: PDF locked (no preview, no S3 read): employees-training-and-development-as-a-veritable-tool-for-organization-performance-a-study-of-delta-state-polytechnic-ozoro  
[2026-03-03 03:58:39] production.INFO: PDF locked (no preview, no S3 read): nutritive-value-of-african-locust-bean-parkia-biglobosa-pulp-in-egg-type-chicken-diet  
[2026-03-03 03:58:51] production.INFO: PDF locked (no preview, no S3 read): a-systemic-text-linguist-study-of-selected-nigerian-novels  
[2026-03-03 04:00:47] production.INFO: PDF locked (no preview, no S3 read): a-metaphorical-exploration-of-forms-in-sculpture-using-readymade-food-vessels  
[2026-03-03 04:00:59] production.INFO: PDF locked (no preview, no S3 read): penal-responsibility-and-sanctions-for-violations-of-international-humanitarian-law  
[2026-03-03 05:55:12] production.INFO: PDF locked (no preview, no S3 read): the-role-of-packaging-on-consumer-buying-behaviour  
[2026-03-03 05:55:25] production.INFO: PDF locked (no preview, no S3 read): design-and-implementation-of-online-clearance-system-a-case-study-of-caritas-university  
[2026-03-03 05:55:53] production.INFO: PDF locked (no preview, no S3 read): plant-extract-nanoparticles-hybrid-as-corrosion-inhibitors-for-aa2024-aluminium-alloy  
[2026-03-03 05:55:57] production.INFO: PDF locked (no preview, no S3 read): the-role-of-information-and-communication-technology-ict-in-secondary-school-administration-in  
[2026-03-03 05:56:08] production.INFO: PDF locked (no preview, no S3 read): a-smart-media-based-recommendation-system  
[2026-03-03 05:56:25] production.INFO: PDF locked (no preview, no S3 read): fraud-in-banking-sector-types-causes-preventive-and-control-measures  
[2026-03-03 05:57:05] production.INFO: PDF locked (no preview, no S3 read): a-comparative-study-of-the-efficacy-and-safety-profile-of-sublingual-and-vaginal-misoprostol-for  
[2026-03-03 05:57:24] production.INFO: PDF locked (no preview, no S3 read): levolution-socio-economique-et-politique-a-travers-de-lesprit-des-lois-de-montesquieu-et-du-contrat-social-de-rousseau  
[2026-03-03 05:57:32] production.INFO: PDF locked (no preview, no S3 read): the-use-of-computer-in-recording-accounting-information-problems-and-prospects  
[2026-03-03 05:57:55] production.INFO: PDF locked (no preview, no S3 read): implication-of-national-broadcasting-commission-code-on-broadcast-media  
[2026-03-03 05:58:03] production.INFO: PDF locked (no preview, no S3 read): succession-to-rights-in-land-under-igala-customary-law-of-kogi-state  
[2026-03-03 05:58:07] production.INFO: PDF locked (no preview, no S3 read): comparing-mastoid-pneumatization-in-normal-ears-and-ears-with-chronic-suppurative-otitis-media  
[2026-03-03 05:58:55] production.INFO: PDF locked (no preview, no S3 read): investigating-horizontal-well-interference-test-applications  
[2026-03-03 05:59:15] production.INFO: PDF locked (no preview, no S3 read): an-assessment-of-the-problems-and-prospects-of-translating-hausa-proverbs-into-english  
[2026-03-03 05:59:31] production.INFO: PDF locked (no preview, no S3 read): effects-of-cognitive-style-and-context-on-creativity  
[2026-03-03 05:59:35] production.INFO: PDF locked (no preview, no S3 read): impact-of-kanuri-language-on-performance-and-retention-of-basic-science-and-technology-concepts  
[2026-03-03 06:56:03] production.INFO: PDF locked (no preview, no S3 read): effect-of-organizational-culture-on-employees-performance  
[2026-03-03 06:56:59] production.INFO: PDF locked (no preview, no S3 read): communication-techniques-utilization-of-football-club-administrators-in-obudu-cross-river-state  
[2026-03-03 06:57:19] production.INFO: PDF locked (no preview, no S3 read): effects-of-cultural-identity-and-gender-on-peoples-willing-to-help  
[2026-03-03 06:57:27] production.INFO: PDF locked (no preview, no S3 read): sub-regional-security-co-operation-and-conflict-management-in-west-africa-the-ecomog-experience  
[2026-03-03 06:57:43] production.INFO: PDF locked (no preview, no S3 read): effects-of-teacher-made-models-and-students-made-models-on-students-achievement-and-interest-in-organic-chemistry  
[2026-03-03 06:58:15] production.INFO: PDF locked (no preview, no S3 read): teachers-knowledge-base-when-teaching-subjects-in-and-out-of-their-areas-of-certification-evidence  
[2026-03-03 06:58:55] production.INFO: PDF locked (no preview, no S3 read): analysis-and-classification-of-student-s-learning-difficulties-in-the-writing-and-balancing-of  
[2026-03-03 06:59:07] production.INFO: PDF locked (no preview, no S3 read): information-motivation-and-behavioural-skills-as-predictors-of-utilization-of-universal-precautions  
[2026-03-03 06:59:55] production.INFO: PDF locked (no preview, no S3 read): effect-of-accounting-information-on-lending-decisions-of-bank  
[2026-03-03 06:59:59] production.INFO: PDF locked (no preview, no S3 read): the-effects-of-computerized-accounting-system-on-the-performance-of-banking-industry-in-nigeria  
[2026-03-03 07:00:31] production.INFO: PDF locked (no preview, no S3 read): a-critique-of-the-separation-of-ownership-and-control-of-companies-under-companies-and-allied-matters-act-2004  
[2026-03-03 08:40:15] production.INFO: PDF locked (no preview, no S3 read): hiatus-resolution-strategies-in-tiv  
[2026-03-03 08:40:23] production.INFO: PDF locked (no preview, no S3 read): a-contrastive-study-of-the-politeness-strategies-of-english-and-igbo-languages  
[2026-03-03 08:40:47] production.INFO: PDF locked (no preview, no S3 read): survey-and-documentation-of-local-resources-for-teaching-secondary-school-geography-implications-for  
[2026-03-03 08:41:27] production.INFO: PDF locked (no preview, no S3 read): evaluation-of-policy-implementation-of-universal-basic-education-programme-in-kaduna-state  
[2026-03-03 08:41:51] production.INFO: PDF locked (no preview, no S3 read): the-assessment-of-motivational-factors-in-an-organisation  
[2026-03-03 08:41:55] production.INFO: PDF locked (no preview, no S3 read): isight-an-object-recognition-application-for-visually-impaired-individuals  
[2026-03-03 08:42:03] production.INFO: PDF locked (no preview, no S3 read): effects-of-affective-strategies-variables-on-oral-english-performance-of-ss-ii-students-in-niger  
[2026-03-03 08:42:55] production.INFO: PDF locked (no preview, no S3 read): evaluation-of-social-studies-curriculum-implementation-for-the-attainment-of-citizenship-education  
[2026-03-03 08:43:27] production.INFO: PDF locked (no preview, no S3 read): modification-of-surface-physical-and-chemical-properties-of-activated-carbons-for-water-purification  
[2026-03-03 08:43:39] production.INFO: PDF locked (no preview, no S3 read): reliability-assessment-of-the-strength-capacity-of-solid-timber-columns-in-frp-laminates-and-sprays  
[2026-03-03 08:44:31] production.INFO: PDF locked (no preview, no S3 read): economic-analysis-of-cabbage-production-in-plateau-state-nigeria  
[2026-03-03 09:43:50] production.INFO: PDF locked (no preview, no S3 read): a-study-of-crumb-rubber-modified-asphalt-slurry-seal-emulsions  
[2026-03-03 09:44:03] production.INFO: PDF locked (no preview, no S3 read): the-effect-of-water-extract-of-cola-nitida-pod-on-lipoprotein-concentrations-of-albino-wistar-rats  
[2026-03-03 09:44:19] production.INFO: PDF locked (no preview, no S3 read): influence-of-compression-ratio-on-the-performance-characteristics-of-a-spark-ignition-engine  
[2026-03-03 09:44:27] production.INFO: PDF locked (no preview, no S3 read): knowledge-attitudes-and-practice-of-contraception-among-female-civil-servants-in-lagos-state  
[2026-03-03 09:44:35] production.INFO: PDF locked (no preview, no S3 read): design-construction-and-performance-evaluation-of-an-axial-flow-millet-thresher  
[2026-03-03 09:44:48] production.INFO: PDF locked (no preview, no S3 read): a-sociolinguistic-analysis-of-the-influence-of-gender-on-the-language-use-of-400-level-students  
[2026-03-03 09:45:05] production.INFO: PDF locked (no preview, no S3 read): design-and-implementation-of-a-computerized-child-abuse-database-management-system  
[2026-03-03 09:45:14] production.INFO: PDF locked (no preview, no S3 read): effect-of-vaginal-ph-on-effectiveness-of-misoprostol-for-cervical-ripening  
[2026-03-03 09:46:11] production.INFO: PDF locked (no preview, no S3 read): determination-of-calcium-and-phosphorus-in-staple-foods-in-na-state  
[2026-03-03 09:46:32] production.INFO: PDF locked (no preview, no S3 read): effect-of-cognitive-apprenticeship-instructional-method-on-students-acheivement-retention-and-skill  
[2026-03-03 09:46:36] production.INFO: PDF locked (no preview, no S3 read): collective-bargaining-as-strategy-for-developing-sound-labour-management-relation-a-case-study-of-edo-state-water-corporation  
[2026-03-03 09:47:34] production.INFO: PDF locked (no preview, no S3 read): an-assessment-of-the-impact-of-abattoir-effluent-discharge-on-the-water-quality-of-river-illo-ota  
[2026-03-03 09:47:53] production.INFO: PDF locked (no preview, no S3 read): development-and-performance-evaluation-of-a-pedestrian-controlled-rice-stripper  
[2026-03-03 09:48:19] production.INFO: PDF locked (no preview, no S3 read): ethics-in-public-sector-organizations-a-survey-of-bayelsa-state  
[2026-03-03 09:48:44] production.INFO: PDF locked (no preview, no S3 read): impact-of-supervision-on-management-efficiency-in-the-public-sector  
[2026-03-03 09:48:53] production.INFO: PDF locked (no preview, no S3 read): cultural-conditions-affecting-antibiotic-production-by-streptomyces-species  
[2026-03-03 09:48:59] production.INFO: PDF locked (no preview, no S3 read): development-of-a-modified-energy-efficient-clustering-with-splitting-and-merging-for-wireless-sensor-networks-using-cluster-head-handover-mechanism  
[2026-03-03 09:49:27] production.INFO: PDF locked (no preview, no S3 read): librarians-use-of-web-2  
[2026-03-03 09:49:32] production.INFO: PDF locked (no preview, no S3 read): impact-of-observational-techniques-on-the-academic-performance-of-home-economics-students-in-federal  
[2026-03-03 09:50:23] production.INFO: PDF locked (no preview, no S3 read): availability-adequacy-and-utilisation-of-child-health-services-in-primary-health-care-centres-in  
[2026-03-03 10:52:15] production.INFO: PDF locked (no preview, no S3 read): consumer-choice-criteria-for-detergent-brands-in-harcourt  
[2026-03-03 10:52:55] production.INFO: PDF locked (no preview, no S3 read): the-oxidative-stress-status-of-rats-fed-on-oil-bean-seed-meal  
[2026-03-03 10:53:11] production.INFO: PDF locked (no preview, no S3 read): effects-of-constructivist-instructional-approach-on-senior-secondary-school-students-achievement-and-interest-in-mathematics  
[2026-03-03 10:54:07] production.INFO: PDF locked (no preview, no S3 read): mathematics-teachers-conceptions-about-linear-and-quadratic-equations  
[2026-03-03 10:54:27] production.INFO: PDF locked (no preview, no S3 read): code-mixing-and-code-switching-among-the-yoruba-bilinguals-in-mushin  
[2026-03-03 10:54:48] production.INFO: PDF locked (no preview, no S3 read): face-recognition-based-on-principal-component-analysis  
[2026-03-03 10:55:51] production.INFO: PDF locked (no preview, no S3 read): design-and-implementation-pension-fund-management-information-system  
[2026-03-03 10:56:07] production.INFO: PDF locked (no preview, no S3 read): effect-of-critical-thinking-strategies-on-reading-comprehension-performance-of-senior-secondary  
[2026-03-03 10:56:25] production.INFO: PDF locked (no preview, no S3 read): the-effects-of-drugs-and-substance-abuse-on-academic-performance-among-baze-university-students  
[2026-03-03 11:51:12] production.INFO: PDF locked (no preview, no S3 read): ameliorative-effect-of-ethanoic-extract-of-vernonia-amygdalina-del-leaves-on-reproductive-functions  
[2026-03-03 11:51:15] production.INFO: PDF locked (no preview, no S3 read): effect-of-prior-knowledge-of-specific-objectives-of-agricultural-science-instruction-on-the-academic  
[2026-03-03 11:51:59] production.INFO: PDF locked (no preview, no S3 read): concept-and-essence-of-the-supernatural-in-relation-to-african-worldvew-a-study-of-clark-s-ozidi-and  
[2026-03-03 11:53:12] production.INFO: PDF locked (no preview, no S3 read): effect-of-peer-review-technique-on-the-achievement-of-students-in-english-essay-writing-in-secondary  
[2026-03-03 11:53:35] production.INFO: PDF locked (no preview, no S3 read): effects-of-adhesion-and-deformation-on-stretchable-electronic-structures  
[2026-03-03 11:54:27] production.INFO: PDF locked (no preview, no S3 read): impact-of-cooperative-learning-strategy-on-secondary-school-students  
[2026-03-03 11:55:00] production.INFO: PDF locked (no preview, no S3 read): le-phenomene-de-lenfant-de-la-rue-a-travers-allah-nest-pas-oblige-dahmadou-kourouma-et-la-voie-de-ma-rue-de-sylvain-kean-zoh  
[2026-03-03 11:55:44] production.INFO: PDF locked (no preview, no S3 read): effects-of-modelling-and-token-reinforcement-techniques-on-shy-behaviour-among-secondary-school  
[2026-03-03 11:55:51] production.INFO: PDF locked (no preview, no S3 read): national-agricultural-information-management-system-in-nigeria-a-conceptual-framework-library-review  
[2026-03-03 11:56:05] production.INFO: PDF locked (no preview, no S3 read): comparing-perioperative-vaginal-misoprostol-with-intraoperative-pericervical-haemostatic-tourniquet  
[2026-03-03 12:38:27] production.INFO: PDF locked (no preview, no S3 read): impact-of-structure-and-technology-on-employee-behaviour-in-organisations  
[2026-03-03 12:39:03] production.INFO: PDF locked (no preview, no S3 read): an-enhanced-mobile-based-delivery-service-system  
[2026-03-03 12:39:12] production.INFO: PDF locked (no preview, no S3 read): design-of-a-national-6identity-card-system-a-case-study-of-national-identity-card-ngwo-local  
[2026-03-03 12:39:28] production.INFO: PDF locked (no preview, no S3 read): building-and-ranking-of-geostatistical-petroleum-reservoir-models  
[2026-03-03 12:39:51] production.INFO: PDF locked (no preview, no S3 read): comparative-effects-of-lime-poultry-manure-and-npk-compound-fertilizer-on-soil-physicochemical  
[2026-03-03 12:40:11] production.INFO: PDF locked (no preview, no S3 read): the-impact-of-credit-risk-management-on-banks-profitability  
[2026-03-03 12:40:39] production.INFO: PDF locked (no preview, no S3 read): object-detection-using-tensorflow-on-raspberry-pi  
[2026-03-03 12:40:43] production.INFO: PDF locked (no preview, no S3 read): performance-of-oversight-functions-by-the-public-accounts-committees-of-the-national-assembly-an  
[2026-03-03 12:41:15] production.INFO: PDF locked (no preview, no S3 read): a-fuzzy-association-rule-mining-expert-driven-approach-to-knowledge-acquisition  
[2026-03-03 12:41:23] production.INFO: PDF locked (no preview, no S3 read): effects-of-drying-methods-on-nutrient-contents-of-moringa-oleifera-lam-leaves  
[2026-03-03 12:41:31] production.INFO: PDF locked (no preview, no S3 read): good-governance-and-regional-integration-an-assessment-of-the-role-of-the-fourth-ecowas-parliament  
[2026-03-03 12:42:23] production.INFO: PDF locked (no preview, no S3 read): application-of-bat-algorithm-based-method-for-multi-objective-optimal-network-reconfiguration-and-distributed-generation-placement-in-radial-distribution-network  
[2026-03-03 13:41:29] production.INFO: PDF locked (no preview, no S3 read): traffic-analysis-of-a-mobile-switching-centre-a-case-study-of-celtel-plc-lagos  
[2026-03-03 13:42:01] production.INFO: PDF locked (no preview, no S3 read): critical-analysis-of-the-viability-of-commercial-bank-activities-in-nigeria  
[2026-03-03 13:42:04] production.INFO: PDF locked (no preview, no S3 read): ecocinema-and-environmental-health-advocacy-a-study-of-erin-brockovich-and-moolaade  
[2026-03-03 13:42:23] production.INFO: PDF locked (no preview, no S3 read): an-examination-of-corporate-income-tax-legislation-and-its-impact-on-revenue-generation-in-nigeria  
[2026-03-03 13:43:08] production.INFO: PDF locked (no preview, no S3 read): an-overview-of-policing-in-democracy-and-observance-of-human-righsts-by-the-nigeria-police-force  
[2026-03-03 13:43:15] production.INFO: PDF locked (no preview, no S3 read): mapping-of-linear-geologic-structures-at-mountain-top-universitys-permanent-site-makogi-oba-ogun-state-nigeria-using-aeromagnetic-and-2d-electrical-resistivity-tomography-data  
[2026-03-03 13:43:40] production.INFO: PDF locked (no preview, no S3 read): book-exhibition-as-a-marketing-strategy-for-library-services-in-academic-libraries-in-north-east  
[2026-03-03 13:44:07] production.INFO: PDF locked (no preview, no S3 read): utilization-of-information-and-communication-technology-for-the-improvement-of-principal-s  
[2026-03-03 13:44:13] production.INFO: PDF locked (no preview, no S3 read): a-critical-examination-of-collective-bargaining-and-its-role-in-labour-relations-in-nigeria  
[2026-03-03 14:47:23] production.INFO: PDF locked (no preview, no S3 read): design-and-implementation-of-penetration-testing-in-relation-to-web-security  
[2026-03-03 14:48:20] production.INFO: PDF locked (no preview, no S3 read): effect-of-guided-discovery-method-on-academic-achievement-and-interest-of-senior-secondary-school  
[2026-03-03 14:48:59] production.INFO: PDF locked (no preview, no S3 read): community-life-apostolate-organization-and-profession-as-predictors-of-burnout-among-catholic  
[2026-03-03 14:50:19] production.INFO: PDF locked (no preview, no S3 read): development-of-teaching-methods-in-word-problems-in-mathematics  
[2026-03-03 14:50:39] production.INFO: PDF locked (no preview, no S3 read): development-of-an-improved-frame-level-redundancy-scrubbing-algorithm-for-static-random-access-memory-based-field-programmable-gate-array  
